<?xml version="1.0" encoding="UTF-8" ?>
<testsuite failures="0" time="0.092" errors="0" skipped="0" tests="1" name="com.michelcasanova.regex.RegexTest">
  <properties>
    <property name="java.vendor" value="Oracle Corporation"/>
    <property name="env.SYSTEMROOT" value="C:\windows"/>
    <property name="localRepository" value="C:\Users\casanovam\.m2\repository"/>
    <property name="sun.java.launcher" value="SUN_STANDARD"/>
    <property name="env.TVT" value="C:\Program Files (x86)\Lenovo"/>
    <property name="sun.management.compiler" value="HotSpot 64-Bit Tiered Compilers"/>
    <property name="env.PROMPT" value="$P$G"/>
    <property name="os.name" value="Windows 7"/>
    <property name="env.FP_NO_HOST_CHECK" value="NO"/>
    <property name="sun.boot.class.path" value="C:\Program Files\Java\jdk1.7.0\jre\lib\resources.jar;C:\Program Files\Java\jdk1.7.0\jre\lib\rt.jar;C:\Program Files\Java\jdk1.7.0\jre\lib\sunrsasign.jar;C:\Program Files\Java\jdk1.7.0\jre\lib\jsse.jar;C:\Program Files\Java\jdk1.7.0\jre\lib\jce.jar;C:\Program Files\Java\jdk1.7.0\jre\lib\charsets.jar;C:\Program Files\Java\jdk1.7.0\jre\classes"/>
    <property name="env.COMPUTERNAME" value="UKDB1764715"/>
    <property name="env.PWD" value="/cygdrive/c/Users/casanovam/workspace-scala/files-regex"/>
    <property name="env.CommonProgramW6432" value="C:\Program Files\Common Files"/>
    <property name="user.country.format" value="IE"/>
    <property name="env.ACPath" value="C:\Program Files (x86)\Lenovo\Access Connections\"/>
    <property name="env.ALLUSERSPROFILE" value="C:\ProgramData"/>
    <property name="sun.desktop" value="windows"/>
    <property name="env.LANG" value="en_US.UTF-8"/>
    <property name="java.vm.specification.vendor" value="Oracle Corporation"/>
    <property name="java.runtime.version" value="1.7.0-b147"/>
    <property name="env.HOMEPATH" value="\Users\casanovam"/>
    <property name="env.tmp" value="C:\Users\CASANO~1\AppData\Local\Temp"/>
    <property name="env.TFS_DIR" value="C:\Program Files\ThinkVantage Fingerprint Software\"/>
    <property name="user.name" value="CasanovaM"/>
    <property name="env.USER" value="CasanovaM"/>
    <property name="env.SHELL" value="/bin/bash"/>
    <property name="env.PATH" value="C:\cygwin\usr\local\bin;C:\cygwin\bin;C:\Program Files\Java\jdk1.7.0\bin;C:\Program Files (x86)\SenchaSDKTools-2.0.0-beta3;C:\windows\system32;C:\windows;C:\windows\System32\Wbem;C:\windows\System32\WindowsPowerShell\v1.0;C:\Program Files (x86)\Intel\Services\IPT;C:\Program Files\ThinkPad\Bluetooth Software;C:\Program Files\ThinkPad\Bluetooth Software\syswow64;C:\Program Files\Broadcom\WHL;C:\Program Files\Broadcom\WHL\syswow64;C:\Program Files\Broadcom\WHL\SysWow64;C:\Program Files\Broadcom\WHL\SysWow64\syswow64;C:\Program Files (x86)\Lenovo\Access Connections;C:\SWTOOLS\ReadyApps;C:\Program Files (x86)\Common Files\Ulead Systems\MPEG;C:\Program Files (x86)\RSA Security\RSA SecurID Software Token;C:\Program Files\TortoiseSVN\bin;C:\Program Files\SlikSvn\bin;C:\Users\casanovam\software\apache-maven-2.0.9\bin;C:\play\play-2.0.4;C:\Program Files (x86)\Git\cmd;C:\Program Files (x86)\Git\bin;C:\Program Files\Scala\scala-2.9.2\bin;C:\Program Files\TortoiseHg;C:\Windows\Microsoft.NET\Framework\v3.5;C:\Program Files (x86)\Microsoft SQL Server\100\Tools\Binn;C:\Program Files\Microsoft SQL Server\100\Tools\Binn;C:\Program Files\Microsoft SQL Server\100\DTS\Binn;C:\Program Files (x86)\Microsoft SQL Server\100\Tools\Binn\VSShell\Common7\IDE;C:\Program Files (x86)\Microsoft Visual Studio 9.0\Common7\IDE\PrivateAssemblies;C:\Program Files (x86)\Microsoft SQL Server\100\DTS\Binn;C:\scala;C:\Windows\Microsoft.NET\Framework\v3.5;C:\Program Files\TortoiseGit\bin;C:\Ruby193\bin;C:\Windows\Microsoft.NET\Framework\v3.5"/>
    <property name="user.language" value="en"/>
    <property name="env.WINDIR" value="C:\windows"/>
    <property name="env.oracle_home" value="C:\oracle\instantclient_11_2"/>
    <property name="sun.boot.library.path" value="C:\Program Files\Java\jdk1.7.0\jre\bin"/>
    <property name="classworlds.conf" value="C:\Users\casanovam\software\apache-maven-2.0.9/bin/m2.conf"/>
    <property name="env.tns_admin" value="C:\oracle\instantclient_11_2\network\admin"/>
    <property name="java.version" value="1.7.0"/>
    <property name="env.PROCESSOR_IDENTIFIER" value="Intel64 Family 6 Model 42 Stepping 7, GenuineIntel"/>
    <property name="user.timezone" value="Europe/London"/>
    <property name="env.TSMPATH" value="C:\Program Files\ThinkPad\UltraNav Utility"/>
    <property name="env.TEMP" value="C:\cygwin\tmp"/>
    <property name="sun.arch.data.model" value="64"/>
    <property name="java.endorsed.dirs" value="C:\Program Files\Java\jdk1.7.0\jre\lib\endorsed"/>
    <property name="sun.cpu.isalist" value="amd64"/>
    <property name="env.HOMEDRIVE" value="C:"/>
    <property name="sun.jnu.encoding" value="Cp1252"/>
    <property name="file.encoding.pkg" value="sun.io"/>
    <property name="env.SHLVL" value="1"/>
    <property name="env.SYSTEMDRIVE" value="C:"/>
    <property name="env.ALCKPath" value="C:\Program Files\Lenovo\AutoLock"/>
    <property name="env.HOSTNAME" value="ukdb1764715"/>
    <property name="file.separator" value="\"/>
    <property name="java.specification.name" value="Java Platform API Specification"/>
    <property name="java.class.version" value="51.0"/>
    <property name="user.country" value="US"/>
    <property name="env.PRINTER" value="doPDF v7"/>
    <property name="java.home" value="C:\Program Files\Java\jdk1.7.0\jre"/>
    <property name="env.PSModulePath" value="C:\windows\system32\WindowsPowerShell\v1.0\Modules\"/>
    <property name="env.APPDATA" value="C:\Users\casanovam\AppData\Roaming"/>
    <property name="env.PUBLIC" value="C:\Users\Public"/>
    <property name="java.vm.info" value="mixed mode"/>
    <property name="env.OS" value="Windows_NT"/>
    <property name="os.version" value="6.1"/>
    <property name="env.ProgramW6432" value="C:\Program Files"/>
    <property name="path.separator" value=";"/>
    <property name="java.vm.version" value="21.0-b17"/>
    <property name="env.scala_home" value="C:\Program Files\Scala\scala-2.9.2\bin"/>
    <property name="env.USERPROFILE" value="C:\Users\casanovam"/>
    <property name="user.variant" value=""/>
    <property name="env.JAVA_HOME" value="C:\Program Files\Java\jdk1.7.0"/>
    <property name="java.awt.printerjob" value="sun.awt.windows.WPrinterJob"/>
    <property name="env.TERM" value="xterm"/>
    <property name="env.TMP" value="C:\cygwin\tmp"/>
    <property name="env.PROGRAMFILES" value="C:\Program Files"/>
    <property name="sun.io.unicode.encoding" value="UnicodeLittle"/>
    <property name="env.SENCHA_SDK_TOOLS_2_0_0_BETA3" value="C:\Program Files (x86)\SenchaSDKTools-2.0.0-beta3"/>
    <property name="awt.toolkit" value="sun.awt.windows.WToolkit"/>
    <property name="user.script" value=""/>
    <property name="env.MANPATH" value="/usr/local/man:/usr/share/man:/usr/man:"/>
    <property name="env.TZ" value="Europe/Dublin"/>
    <property name="user.home" value="C:\Users\casanovam"/>
    <property name="env.COMMONPROGRAMFILES" value="C:\Program Files\Common Files"/>
    <property name="env.ProgramData" value="C:\ProgramData"/>
    <property name="env.ProgramFiles(x86)" value="C:\Program Files (x86)"/>
    <property name="env.SESSIONNAME" value="Console"/>
    <property name="env.OLDPWD" value="/cygdrive/c/Users/casanovam/workspace-scala/files-regex"/>
    <property name="java.specification.vendor" value="Oracle Corporation"/>
    <property name="java.vendor.url" value="http://java.oracle.com/"/>
    <property name="java.library.path" value="C:\Program Files\Java\jdk1.7.0\bin;C:\windows\Sun\Java\bin;C:\windows\system32;C:\windows;C:\cygwin\usr\local\bin;C:\cygwin\bin;C:\Program Files\Java\jdk1.7.0\bin;C:\Program Files (x86)\SenchaSDKTools-2.0.0-beta3;C:\windows\system32;C:\windows;C:\windows\System32\Wbem;C:\windows\System32\WindowsPowerShell\v1.0;C:\Program Files (x86)\Intel\Services\IPT;C:\Program Files\ThinkPad\Bluetooth Software;C:\Program Files\ThinkPad\Bluetooth Software\syswow64;C:\Program Files\Broadcom\WHL;C:\Program Files\Broadcom\WHL\syswow64;C:\Program Files\Broadcom\WHL\SysWow64;C:\Program Files\Broadcom\WHL\SysWow64\syswow64;C:\Program Files (x86)\Lenovo\Access Connections;C:\SWTOOLS\ReadyApps;C:\Program Files (x86)\Common Files\Ulead Systems\MPEG;C:\Program Files (x86)\RSA Security\RSA SecurID Software Token;C:\Program Files\TortoiseSVN\bin;C:\Program Files\SlikSvn\bin;C:\Users\casanovam\software\apache-maven-2.0.9\bin;C:\play\play-2.0.4;C:\Program Files (x86)\Git\cmd;C:\Program Files (x86)\Git\bin;C:\Program Files\Scala\scala-2.9.2\bin;C:\Program Files\TortoiseHg;C:\Windows\Microsoft.NET\Framework\v3.5;C:\Program Files (x86)\Microsoft SQL Server\100\Tools\Binn;C:\Program Files\Microsoft SQL Server\100\Tools\Binn;C:\Program Files\Microsoft SQL Server\100\DTS\Binn;C:\Program Files (x86)\Microsoft SQL Server\100\Tools\Binn\VSShell\Common7\IDE;C:\Program Files (x86)\Microsoft Visual Studio 9.0\Common7\IDE\PrivateAssemblies;C:\Program Files (x86)\Microsoft SQL Server\100\DTS\Binn;C:\scala;C:\Windows\Microsoft.NET\Framework\v3.5;C:\Program Files\TortoiseGit\bin;C:\Ruby193\bin;C:\Windows\Microsoft.NET\Framework\v3.5;."/>
    <property name="env.NUMBER_OF_PROCESSORS" value="4"/>
    <property name="env.USERDNSDOMAIN" value="DNBINT.NET"/>
    <property name="java.vm.vendor" value="Oracle Corporation"/>
    <property name="java.runtime.name" value="Java(TM) SE Runtime Environment"/>
    <property name="maven.home" value="C:\Users\casanovam\software\apache-maven-2.0.9"/>
    <property name="java.class.path" value="C:\Users\casanovam\software\apache-maven-2.0.9/boot/classworlds-1.1.jar"/>
    <property name="sun.java.command" value="org.codehaus.classworlds.Launcher &quot;cobertura:cobertura&quot;"/>
    <property name="env.READYAPPS" value="C:\SWTOOLS\ReadyApps"/>
    <property name="java.vm.specification.name" value="Java Virtual Machine Specification"/>
    <property name="env.LOGONSERVER" value="\\DNBDC8DUB001"/>
    <property name="java.vm.specification.version" value="1.7"/>
    <property name="env.PROCESSOR_ARCHITECTURE" value="AMD64"/>
    <property name="sun.os.patch.level" value="Service Pack 1"/>
    <property name="sun.cpu.endian" value="little"/>
    <property name="env.HOME" value="C:\Users\casanovam"/>
    <property name="surefire.test.class.path" value="C:\Users\casanovam\workspace-scala\files-regex\target\test-classes;C:\Users\casanovam\workspace-scala\files-regex\target\generated-classes\cobertura;C:\Users\casanovam\.m2\repository\org\jmock\jmock-junit4\2.5.1\jmock-junit4-2.5.1.jar;C:\Users\casanovam\.m2\repository\org\jmock\jmock\2.5.1\jmock-2.5.1.jar;C:\Users\casanovam\.m2\repository\org\hamcrest\hamcrest-core\1.1\hamcrest-core-1.1.jar;C:\Users\casanovam\.m2\repository\org\hamcrest\hamcrest-library\1.1\hamcrest-library-1.1.jar;C:\Users\casanovam\.m2\repository\junit\junit-dep\4.4\junit-dep-4.4.jar;C:\Users\casanovam\.m2\repository\net\sourceforge\cobertura\cobertura\1.9.4.1\cobertura-1.9.4.1.jar;C:\Users\casanovam\.m2\repository\org\apache\ant\ant\1.7.0\ant-1.7.0.jar;C:\Users\casanovam\.m2\repository\org\apache\ant\ant-launcher\1.7.0\ant-launcher-1.7.0.jar;"/>
    <property name="java.io.tmpdir" value="C:\cygwin\tmp\"/>
    <property name="env.PROCESSOR_REVISION" value="2a07"/>
    <property name="env.UATDATA" value="C:\Windows\SysWOW64\CCM\UATData\D9F8C395-CAB8-491d-B8AC-179A1FE1BE77"/>
    <property name="env.CommonProgramFiles(x86)" value="C:\Program Files (x86)\Common Files"/>
    <property name="java.vendor.url.bug" value="http://bugreport.sun.com/bugreport/"/>
    <property name="env.COMSPEC" value="C:\windows\system32\cmd.exe"/>
    <property name="env.temp" value="C:\Users\CASANO~1\AppData\Local\Temp"/>
    <property name="java.awt.graphicsenv" value="sun.awt.Win32GraphicsEnvironment"/>
    <property name="os.arch" value="amd64"/>
    <property name="java.ext.dirs" value="C:\Program Files\Java\jdk1.7.0\jre\lib\ext;C:\windows\Sun\Java\lib\ext"/>
    <property name="user.dir" value="C:\Users\casanovam\workspace-scala\files-regex"/>
    <property name="env.LOCALAPPDATA" value="C:\Users\casanovam\AppData\Local"/>
    <property name="env.INFOPATH" value="/usr/local/info:/usr/share/info:/usr/info:"/>
    <property name="line.separator" value="
"/>
    <property name="java.vm.name" value="Java HotSpot(TM) 64-Bit Server VM"/>
    <property name="env.PATHEXT" value=".COM;.EXE;.BAT;.CMD;.VBS;.VBE;.JS;.JSE;.WSF;.WSH;.MSC"/>
    <property name="basedir" value="C:\Users\casanovam\workspace-scala\files-regex"/>
    <property name="env.scala-home" value="C:\Program Files\Scala\scala-2.9.2\bin"/>
    <property name="env.USERNAME" value="CasanovaM"/>
    <property name="file.encoding" value="Cp1252"/>
    <property name="env.COMMPath" value="C:\Program Files\Lenovo\Communications Utility"/>
    <property name="env.VS100COMNTOOLS" value="C:\Program Files (x86)\Microsoft Visual Studio 10.0\Common7\Tools\"/>
    <property name="env.USERDOMAIN" value="DNBINT"/>
    <property name="java.specification.version" value="1.7"/>
    <property name="env.PROCESSOR_LEVEL" value="6"/>
  </properties>
  <testcase time="0.068" classname="com.michelcasanova.regex.RegexTest" name="testApplyRegex"/>
</testsuite>